# JRE version: Java(TM) SE Runtime Environment (8.0_231-b11) (build 1.8.0_231-b11)
# Java VM: Java HotSpot(TM) 64-Bit Server VM (25.231-b11 mixed mode windows-amd64 compressed oops)
Heap:
 PSYoungGen      total 478720K, used 28029K [0x00000000e0000000, 0x0000000100000000, 0x0000000100000000)
  eden space 431616K, 6% used [0x00000000e0000000,0x00000000e1b5f510,0x00000000fa580000)
  from space 47104K, 0% used [0x00000000fd200000,0x00000000fd200000,0x0000000100000000)
  to   space 45568K, 0% used [0x00000000fa580000,0x00000000fa580000,0x00000000fd200000)
 ParOldGen       total 228864K, used 136024K [0x00000000a0000000, 0x00000000adf80000, 0x00000000e0000000)
  object space 228864K, 59% used [0x00000000a0000000,0x00000000a84d63c0,0x00000000adf80000)
 Metaspace       used 91211K, capacity 95588K, committed 96768K, reserved 1132544K
  class space    used 12459K, capacity 13300K, committed 13568K, reserved 1048576K
GC Heap History (10 events):
Event: 149.274 GC heap before
{Heap before GC invocations=23 (full 4):
 PSYoungGen      total 377856K, used 16223K [0x00000000e0000000, 0x00000000fe100000, 0x0000000100000000)
  eden space 350208K, 0% used [0x00000000e0000000,0x00000000e0000000,0x00000000f5600000)
  from space 27648K, 58% used [0x00000000f5600000,0x00000000f65d7d68,0x00000000f7100000)
  to   space 28160K, 0% used [0x00000000fc580000,0x00000000fc580000,0x00000000fe100000)
 ParOldGen       total 87552K, used 70731K [0x00000000a0000000, 0x00000000a5580000, 0x00000000e0000000)
  object space 87552K, 80% used [0x00000000a0000000,0x00000000a4512e30,0x00000000a5580000)
 Metaspace       used 78906K, capacity 82302K, committed 82432K, reserved 1120256K
  class space    used 10847K, capacity 11515K, committed 11520K, reserved 1048576K
Event: 150.015 GC heap after
Heap after GC invocations=23 (full 4):
 PSYoungGen      total 377856K, used 0K [0x00000000e0000000, 0x00000000fe100000, 0x0000000100000000)
  eden space 350208K, 0% used [0x00000000e0000000,0x00000000e0000000,0x00000000f5600000)
  from space 27648K, 0% used [0x00000000f5600000,0x00000000f5600000,0x00000000f7100000)
  to   space 28160K, 0% used [0x00000000fc580000,0x00000000fc580000,0x00000000fe100000)
 ParOldGen       total 156672K, used 84757K [0x00000000a0000000, 0x00000000a9900000, 0x00000000e0000000)
  object space 156672K, 54% used [0x00000000a0000000,0x00000000a52c5478,0x00000000a9900000)
 Metaspace       used 78863K, capacity 82164K, committed 82432K, reserved 1120256K
  class space    used 10833K, capacity 11492K, committed 11520K, reserved 1048576K
}
Event: 199.843 GC heap before
{Heap before GC invocations=24 (full 4):
 PSYoungGen      total 377856K, used 350208K [0x00000000e0000000, 0x00000000fe100000, 0x0000000100000000)
  eden space 350208K, 100% used [0x00000000e0000000,0x00000000f5600000,0x00000000f5600000)
  from space 27648K, 0% used [0x00000000f5600000,0x00000000f5600000,0x00000000f7100000)
  to   space 28160K, 0% used [0x00000000fc580000,0x00000000fc580000,0x00000000fe100000)
 ParOldGen       total 156672K, used 84757K [0x00000000a0000000, 0x00000000a9900000, 0x00000000e0000000)
  object space 156672K, 54% used [0x00000000a0000000,0x00000000a52c5478,0x00000000a9900000)
 Metaspace       used 82951K, capacity 86556K, committed 86656K, reserved 1124352K
  class space    used 11404K, capacity 12102K, committed 12160K, reserved 1048576K
Event: 199.877 GC heap after
Heap after GC invocations=24 (full 4):
 PSYoungGen      total 459264K, used 28131K [0x00000000e0000000, 0x00000000fe500000, 0x0000000100000000)
  eden space 431104K, 0% used [0x00000000e0000000,0x00000000e0000000,0x00000000fa500000)
  from space 28160K, 99% used [0x00000000fc580000,0x00000000fe0f8e18,0x00000000fe100000)
  to   space 32768K, 0% used [0x00000000fa500000,0x00000000fa500000,0x00000000fc500000)
 ParOldGen       total 156672K, used 85862K [0x00000000a0000000, 0x00000000a9900000, 0x00000000e0000000)
  object space 156672K, 54% used [0x00000000a0000000,0x00000000a53d9810,0x00000000a9900000)
 Metaspace       used 82951K, capacity 86556K, committed 86656K, reserved 1124352K
  class space    used 11404K, capacity 12102K, committed 12160K, reserved 1048576K
}
Event: 216.526 GC heap before
{Heap before GC invocations=25 (full 4):
 PSYoungGen      total 459264K, used 459235K [0x00000000e0000000, 0x00000000fe500000, 0x0000000100000000)
  eden space 431104K, 100% used [0x00000000e0000000,0x00000000fa500000,0x00000000fa500000)
  from space 28160K, 99% used [0x00000000fc580000,0x00000000fe0f8e18,0x00000000fe100000)
  to   space 32768K, 0% used [0x00000000fa500000,0x00000000fa500000,0x00000000fc500000)
 ParOldGen       total 156672K, used 85862K [0x00000000a0000000, 0x00000000a9900000, 0x00000000e0000000)
  object space 156672K, 54% used [0x00000000a0000000,0x00000000a53d9810,0x00000000a9900000)
 Metaspace       used 91402K, capacity 96256K, committed 96512K, reserved 1132544K
  class space    used 12587K, capacity 13538K, committed 13568K, reserved 1048576K
Event: 216.625 GC heap after
Heap after GC invocations=25 (full 4):
 PSYoungGen      total 463872K, used 32760K [0x00000000e0000000, 0x0000000100000000, 0x0000000100000000)
  eden space 431104K, 0% used [0x00000000e0000000,0x00000000e0000000,0x00000000fa500000)
  from space 32768K, 99% used [0x00000000fa500000,0x00000000fc4fe230,0x00000000fc500000)
  to   space 47104K, 0% used [0x00000000fd200000,0x00000000fd200000,0x0000000100000000)
 ParOldGen       total 156672K, used 109208K [0x00000000a0000000, 0x00000000a9900000, 0x00000000e0000000)
  object space 156672K, 69% used [0x00000000a0000000,0x00000000a6aa60c8,0x00000000a9900000)
 Metaspace       used 91402K, capacity 96256K, committed 96512K, reserved 1132544K
  class space    used 12587K, capacity 13538K, committed 13568K, reserved 1048576K
}
Event: 219.391 GC heap before
{Heap before GC invocations=26 (full 4):
 PSYoungGen      total 463872K, used 463864K [0x00000000e0000000, 0x0000000100000000, 0x0000000100000000)
  eden space 431104K, 100% used [0x00000000e0000000,0x00000000fa500000,0x00000000fa500000)
  from space 32768K, 99% used [0x00000000fa500000,0x00000000fc4fe230,0x00000000fc500000)
  to   space 47104K, 0% used [0x00000000fd200000,0x00000000fd200000,0x0000000100000000)
 ParOldGen       total 156672K, used 109208K [0x00000000a0000000, 0x00000000a9900000, 0x00000000e0000000)
  object space 156672K, 69% used [0x00000000a0000000,0x00000000a6aa60c8,0x00000000a9900000)
 Metaspace       used 91602K, capacity 96514K, committed 96768K, reserved 1132544K
  class space    used 12602K, capacity 13547K, committed 13568K, reserved 1048576K
Event: 219.473 GC heap after
Heap after GC invocations=26 (full 4):
 PSYoungGen      total 478720K, used 8923K [0x00000000e0000000, 0x0000000100000000, 0x0000000100000000)
  eden space 431616K, 0% used [0x00000000e0000000,0x00000000e0000000,0x00000000fa580000)
  from space 47104K, 18% used [0x00000000fd200000,0x00000000fdab6f30,0x0000000100000000)
  to   space 45568K, 0% used [0x00000000fa580000,0x00000000fa580000,0x00000000fd200000)
 ParOldGen       total 156672K, used 137287K [0x00000000a0000000, 0x00000000a9900000, 0x00000000e0000000)
  object space 156672K, 87% used [0x00000000a0000000,0x00000000a8611e70,0x00000000a9900000)
 Metaspace       used 91602K, capacity 96514K, committed 96768K, reserved 1132544K
  class space    used 12602K, capacity 13547K, committed 13568K, reserved 1048576K
}
Event: 219.473 GC heap before
{Heap before GC invocations=27 (full 5):
 PSYoungGen      total 478720K, used 8923K [0x00000000e0000000, 0x0000000100000000, 0x0000000100000000)
  eden space 431616K, 0% used [0x00000000e0000000,0x00000000e0000000,0x00000000fa580000)
  from space 47104K, 18% used [0x00000000fd200000,0x00000000fdab6f30,0x0000000100000000)
  to   space 45568K, 0% used [0x00000000fa580000,0x00000000fa580000,0x00000000fd200000)
 ParOldGen       total 156672K, used 137287K [0x00000000a0000000, 0x00000000a9900000, 0x00000000e0000000)
  object space 156672K, 87% used [0x00000000a0000000,0x00000000a8611e70,0x00000000a9900000)
 Metaspace       used 91602K, capacity 96514K, committed 96768K, reserved 1132544K
  class space    used 12602K, capacity 13547K, committed 13568K, reserved 1048576K
Event: 219.967 GC heap after
Heap after GC invocations=27 (full 5):
 PSYoungGen      total 478720K, used 0K [0x00000000e0000000, 0x0000000100000000, 0x0000000100000000)
  eden space 431616K, 0% used [0x00000000e0000000,0x00000000e0000000,0x00000000fa580000)
  from space 47104K, 0% used [0x00000000fd200000,0x00000000fd200000,0x0000000100000000)
  to   space 45568K, 0% used [0x00000000fa580000,0x00000000fa580000,0x00000000fd200000)
 ParOldGen       total 228864K, used 136024K [0x00000000a0000000, 0x00000000adf80000, 0x00000000e0000000)
  object space 228864K, 59% used [0x00000000a0000000,0x00000000a84d63c0,0x00000000adf80000)
 Metaspace       used 91210K, capacity 95588K, committed 96768K, reserved 1132544K
  class space    used 12459K, capacity 13300K, committed 13568K, reserved 1048576K
}

