# JRE version: Java(TM) SE Runtime Environment (8.0_231-b11) (build 1.8.0_231-b11)
# Java VM: Java HotSpot(TM) 64-Bit Server VM (25.231-b11 mixed mode windows-amd64 compressed oops)
Heap:
 PSYoungGen      total 471552K, used 436769K [0x00000000e0000000, 0x0000000100000000, 0x0000000100000000)
  eden space 422912K, 100% used [0x00000000e0000000,0x00000000f9d00000,0x00000000f9d00000)
  from space 48640K, 28% used [0x00000000fca80000,0x00000000fd808758,0x00000000ffa00000)
  to   space 46592K, 51% used [0x00000000f9d00000,0x00000000fb48c550,0x00000000fca80000)
 ParOldGen       total 710656K, used 555770K [0x00000000a0000000, 0x00000000cb600000, 0x00000000e0000000)
  object space 710656K, 78% used [0x00000000a0000000,0x00000000c1ebea90,0x00000000cb600000)
 Metaspace       used 169729K, capacity 178788K, committed 179200K, reserved 1206272K
  class space    used 21371K, capacity 23049K, committed 23296K, reserved 1048576K
GC Heap History (10 events):
Event: 13059.313 GC heap before
{Heap before GC invocations=323 (full 20):
 PSYoungGen      total 454656K, used 418717K [0x00000000e0000000, 0x00000000ffe80000, 0x0000000100000000)
  eden space 396288K, 100% used [0x00000000e0000000,0x00000000f8300000,0x00000000f8300000)
  from space 58368K, 38% used [0x00000000f8300000,0x00000000f98e74c8,0x00000000fbc00000)
  to   space 56320K, 0% used [0x00000000fc780000,0x00000000fc780000,0x00000000ffe80000)
 ParOldGen       total 710656K, used 487920K [0x00000000a0000000, 0x00000000cb600000, 0x00000000e0000000)
  object space 710656K, 68% used [0x00000000a0000000,0x00000000bdc7c350,0x00000000cb600000)
 Metaspace       used 169726K, capacity 178784K, committed 179200K, reserved 1206272K
  class space    used 21371K, capacity 23049K, committed 23296K, reserved 1048576K
Event: 13059.366 GC heap after
Heap after GC invocations=323 (full 20):
 PSYoungGen      total 460288K, used 9664K [0x00000000e0000000, 0x00000000ff900000, 0x0000000100000000)
  eden space 409600K, 0% used [0x00000000e0000000,0x00000000e0000000,0x00000000f9000000)
  from space 50688K, 19% used [0x00000000fc780000,0x00000000fd0f00a0,0x00000000ff900000)
  to   space 53760K, 0% used [0x00000000f9000000,0x00000000f9000000,0x00000000fc480000)
 ParOldGen       total 710656K, used 500192K [0x00000000a0000000, 0x00000000cb600000, 0x00000000e0000000)
  object space 710656K, 70% used [0x00000000a0000000,0x00000000be8782d0,0x00000000cb600000)
 Metaspace       used 169726K, capacity 178784K, committed 179200K, reserved 1206272K
  class space    used 21371K, capacity 23049K, committed 23296K, reserved 1048576K
}
Event: 13060.053 GC heap before
{Heap before GC invocations=324 (full 20):
 PSYoungGen      total 460288K, used 419264K [0x00000000e0000000, 0x00000000ff900000, 0x0000000100000000)
  eden space 409600K, 100% used [0x00000000e0000000,0x00000000f9000000,0x00000000f9000000)
  from space 50688K, 19% used [0x00000000fc780000,0x00000000fd0f00a0,0x00000000ff900000)
  to   space 53760K, 0% used [0x00000000f9000000,0x00000000f9000000,0x00000000fc480000)
 ParOldGen       total 710656K, used 500192K [0x00000000a0000000, 0x00000000cb600000, 0x00000000e0000000)
  object space 710656K, 70% used [0x00000000a0000000,0x00000000be8782d0,0x00000000cb600000)
 Metaspace       used 169726K, capacity 178784K, committed 179200K, reserved 1206272K
  class space    used 21371K, capacity 23049K, committed 23296K, reserved 1048576K
Event: 13060.131 GC heap after
Heap after GC invocations=324 (full 20):
 PSYoungGen      total 463360K, used 19448K [0x00000000e0000000, 0x00000000ffe00000, 0x0000000100000000)
  eden space 409600K, 0% used [0x00000000e0000000,0x00000000e0000000,0x00000000f9000000)
  from space 53760K, 36% used [0x00000000f9000000,0x00000000fa2fe028,0x00000000fc480000)
  to   space 51200K, 0% used [0x00000000fcc00000,0x00000000fcc00000,0x00000000ffe00000)
 ParOldGen       total 710656K, used 504238K [0x00000000a0000000, 0x00000000cb600000, 0x00000000e0000000)
  object space 710656K, 70% used [0x00000000a0000000,0x00000000bec6b8b0,0x00000000cb600000)
 Metaspace       used 169726K, capacity 178784K, committed 179200K, reserved 1206272K
  class space    used 21371K, capacity 23049K, committed 23296K, reserved 1048576K
}
Event: 13060.670 GC heap before
{Heap before GC invocations=325 (full 20):
 PSYoungGen      total 463360K, used 429048K [0x00000000e0000000, 0x00000000ffe00000, 0x0000000100000000)
  eden space 409600K, 100% used [0x00000000e0000000,0x00000000f9000000,0x00000000f9000000)
  from space 53760K, 36% used [0x00000000f9000000,0x00000000fa2fe028,0x00000000fc480000)
  to   space 51200K, 0% used [0x00000000fcc00000,0x00000000fcc00000,0x00000000ffe00000)
 ParOldGen       total 710656K, used 504238K [0x00000000a0000000, 0x00000000cb600000, 0x00000000e0000000)
  object space 710656K, 70% used [0x00000000a0000000,0x00000000bec6b8b0,0x00000000cb600000)
 Metaspace       used 169726K, capacity 178784K, committed 179200K, reserved 1206272K
  class space    used 21371K, capacity 23049K, committed 23296K, reserved 1048576K
Event: 13060.760 GC heap after
Heap after GC invocations=325 (full 20):
 PSYoungGen      total 470016K, used 28361K [0x00000000e0000000, 0x00000000fff80000, 0x0000000100000000)
  eden space 418816K, 0% used [0x00000000e0000000,0x00000000e0000000,0x00000000f9900000)
  from space 51200K, 55% used [0x00000000fcc00000,0x00000000fe7b2690,0x00000000ffe00000)
  to   space 52224K, 0% used [0x00000000f9900000,0x00000000f9900000,0x00000000fcc00000)
 ParOldGen       total 710656K, used 520189K [0x00000000a0000000, 0x00000000cb600000, 0x00000000e0000000)
  object space 710656K, 73% used [0x00000000a0000000,0x00000000bfbff7e0,0x00000000cb600000)
 Metaspace       used 169726K, capacity 178784K, committed 179200K, reserved 1206272K
  class space    used 21371K, capacity 23049K, committed 23296K, reserved 1048576K
}
Event: 13061.267 GC heap before
{Heap before GC invocations=326 (full 20):
 PSYoungGen      total 470016K, used 447177K [0x00000000e0000000, 0x00000000fff80000, 0x0000000100000000)
  eden space 418816K, 100% used [0x00000000e0000000,0x00000000f9900000,0x00000000f9900000)
  from space 51200K, 55% used [0x00000000fcc00000,0x00000000fe7b2690,0x00000000ffe00000)
  to   space 52224K, 0% used [0x00000000f9900000,0x00000000f9900000,0x00000000fcc00000)
 ParOldGen       total 710656K, used 520189K [0x00000000a0000000, 0x00000000cb600000, 0x00000000e0000000)
  object space 710656K, 73% used [0x00000000a0000000,0x00000000bfbff7e0,0x00000000cb600000)
 Metaspace       used 169727K, capacity 178788K, committed 179200K, reserved 1206272K
  class space    used 21371K, capacity 23049K, committed 23296K, reserved 1048576K
Event: 13061.346 GC heap after
Heap after GC invocations=326 (full 20):
 PSYoungGen      total 436224K, used 17057K [0x00000000e0000000, 0x00000000ffa00000, 0x0000000100000000)
  eden space 418816K, 0% used [0x00000000e0000000,0x00000000e0000000,0x00000000f9900000)
  from space 17408K, 97% used [0x00000000f9900000,0x00000000fa9a86a8,0x00000000faa00000)
  to   space 48640K, 0% used [0x00000000fca80000,0x00000000fca80000,0x00000000ffa00000)
 ParOldGen       total 710656K, used 537808K [0x00000000a0000000, 0x00000000cb600000, 0x00000000e0000000)
  object space 710656K, 75% used [0x00000000a0000000,0x00000000c0d34050,0x00000000cb600000)
 Metaspace       used 169727K, capacity 178788K, committed 179200K, reserved 1206272K
  class space    used 21371K, capacity 23049K, committed 23296K, reserved 1048576K
}
Event: 13061.908 GC heap before
{Heap before GC invocations=327 (full 20):
 PSYoungGen      total 436224K, used 435873K [0x00000000e0000000, 0x00000000ffa00000, 0x0000000100000000)
  eden space 418816K, 100% used [0x00000000e0000000,0x00000000f9900000,0x00000000f9900000)
  from space 17408K, 97% used [0x00000000f9900000,0x00000000fa9a86a8,0x00000000faa00000)
  to   space 48640K, 0% used [0x00000000fca80000,0x00000000fca80000,0x00000000ffa00000)
 ParOldGen       total 710656K, used 537808K [0x00000000a0000000, 0x00000000cb600000, 0x00000000e0000000)
  object space 710656K, 75% used [0x00000000a0000000,0x00000000c0d34050,0x00000000cb600000)
 Metaspace       used 169727K, capacity 178788K, committed 179200K, reserved 1206272K
  class space    used 21371K, capacity 23049K, committed 23296K, reserved 1048576K
Event: 13061.975 GC heap after
Heap after GC invocations=327 (full 20):
 PSYoungGen      total 471552K, used 13857K [0x00000000e0000000, 0x0000000100000000, 0x0000000100000000)
  eden space 422912K, 0% used [0x00000000e0000000,0x00000000e0000000,0x00000000f9d00000)
  from space 48640K, 28% used [0x00000000fca80000,0x00000000fd808758,0x00000000ffa00000)
  to   space 46592K, 0% used [0x00000000f9d00000,0x00000000f9d00000,0x00000000fca80000)
 ParOldGen       total 710656K, used 550390K [0x00000000a0000000, 0x00000000cb600000, 0x00000000e0000000)
  object space 710656K, 77% used [0x00000000a0000000,0x00000000c197db18,0x00000000cb600000)
 Metaspace       used 169727K, capacity 178788K, committed 179200K, reserved 1206272K
  class space    used 21371K, capacity 23049K, committed 23296K, reserved 1048576K
}

