# JRE version: Java(TM) SE Runtime Environment (8.0_231-b11) (build 1.8.0_231-b11)
# Java VM: Java HotSpot(TM) 64-Bit Server VM (25.231-b11 mixed mode windows-amd64 compressed oops)
Heap:
 PSYoungGen      total 147968K, used 61282K [0x00000000d6f80000, 0x00000000e4f80000, 0x0000000100000000)
  eden space 102400K, 33% used [0x00000000d6f80000,0x00000000d9141720,0x00000000dd380000)
  from space 45568K, 58% used [0x00000000e0100000,0x00000000e1b17248,0x00000000e2d80000)
  to   space 46592K, 0% used [0x00000000dd380000,0x00000000dd380000,0x00000000e0100000)
 ParOldGen       total 113664K, used 90373K [0x0000000084e00000, 0x000000008bd00000, 0x00000000d6f80000)
  object space 113664K, 79% used [0x0000000084e00000,0x000000008a6417e0,0x000000008bd00000)
 Metaspace       used 61794K, capacity 63366K, committed 63640K, reserved 1105920K
  class space    used 7447K, capacity 7846K, committed 7856K, reserved 1048576K
GC Heap History (10 events):
Event: 51.450 GC heap before
{Heap before GC invocations=15 (full 2):
 PSYoungGen      total 116736K, used 113436K [0x00000000d6f80000, 0x00000000e1000000, 0x0000000100000000)
  eden space 81920K, 100% used [0x00000000d6f80000,0x00000000dbf80000,0x00000000dbf80000)
  from space 34816K, 90% used [0x00000000de580000,0x00000000e0447050,0x00000000e0780000)
  to   space 38912K, 0% used [0x00000000dbf80000,0x00000000dbf80000,0x00000000de580000)
 ParOldGen       total 113664K, used 58382K [0x0000000084e00000, 0x000000008bd00000, 0x00000000d6f80000)
  object space 113664K, 51% used [0x0000000084e00000,0x0000000088703b20,0x000000008bd00000)
 Metaspace       used 57458K, capacity 58616K, committed 58928K, reserved 1101824K
  class space    used 7057K, capacity 7355K, committed 7472K, reserved 1048576K
Event: 51.527 GC heap after
Heap after GC invocations=15 (full 2):
 PSYoungGen      total 120832K, used 38908K [0x00000000d6f80000, 0x00000000e2d80000, 0x0000000100000000)
  eden space 81920K, 0% used [0x00000000d6f80000,0x00000000d6f80000,0x00000000dbf80000)
  from space 38912K, 99% used [0x00000000dbf80000,0x00000000de57f368,0x00000000de580000)
  to   space 45568K, 0% used [0x00000000e0100000,0x00000000e0100000,0x00000000e2d80000)
 ParOldGen       total 113664K, used 60872K [0x0000000084e00000, 0x000000008bd00000, 0x00000000d6f80000)
  object space 113664K, 53% used [0x0000000084e00000,0x00000000889720e8,0x000000008bd00000)
 Metaspace       used 57458K, capacity 58616K, committed 58928K, reserved 1101824K
  class space    used 7057K, capacity 7355K, committed 7472K, reserved 1048576K
}
Event: 53.006 GC heap before
{Heap before GC invocations=16 (full 2):
 PSYoungGen      total 120832K, used 89500K [0x00000000d6f80000, 0x00000000e2d80000, 0x0000000100000000)
  eden space 81920K, 61% used [0x00000000d6f80000,0x00000000da0e7f30,0x00000000dbf80000)
  from space 38912K, 99% used [0x00000000dbf80000,0x00000000de57f368,0x00000000de580000)
  to   space 45568K, 0% used [0x00000000e0100000,0x00000000e0100000,0x00000000e2d80000)
 ParOldGen       total 113664K, used 60872K [0x0000000084e00000, 0x000000008bd00000, 0x00000000d6f80000)
  object space 113664K, 53% used [0x0000000084e00000,0x00000000889720e8,0x000000008bd00000)
 Metaspace       used 57864K, capacity 58984K, committed 59160K, reserved 1101824K
  class space    used 7074K, capacity 7391K, committed 7472K, reserved 1048576K
Event: 53.174 GC heap after
Heap after GC invocations=16 (full 2):
 PSYoungGen      total 145920K, used 35782K [0x00000000d6f80000, 0x00000000e4100000, 0x0000000100000000)
  eden space 100352K, 0% used [0x00000000d6f80000,0x00000000d6f80000,0x00000000dd180000)
  from space 45568K, 78% used [0x00000000e0100000,0x00000000e23f1860,0x00000000e2d80000)
  to   space 48640K, 0% used [0x00000000dd180000,0x00000000dd180000,0x00000000e0100000)
 ParOldGen       total 113664K, used 72314K [0x0000000084e00000, 0x000000008bd00000, 0x00000000d6f80000)
  object space 113664K, 63% used [0x0000000084e00000,0x000000008949eb60,0x000000008bd00000)
 Metaspace       used 57864K, capacity 58984K, committed 59160K, reserved 1101824K
  class space    used 7074K, capacity 7391K, committed 7472K, reserved 1048576K
}
Event: 53.174 GC heap before
{Heap before GC invocations=17 (full 3):
 PSYoungGen      total 145920K, used 35782K [0x00000000d6f80000, 0x00000000e4100000, 0x0000000100000000)
  eden space 100352K, 0% used [0x00000000d6f80000,0x00000000d6f80000,0x00000000dd180000)
  from space 45568K, 78% used [0x00000000e0100000,0x00000000e23f1860,0x00000000e2d80000)
  to   space 48640K, 0% used [0x00000000dd180000,0x00000000dd180000,0x00000000e0100000)
 ParOldGen       total 113664K, used 72314K [0x0000000084e00000, 0x000000008bd00000, 0x00000000d6f80000)
  object space 113664K, 63% used [0x0000000084e00000,0x000000008949eb60,0x000000008bd00000)
 Metaspace       used 57864K, capacity 58984K, committed 59160K, reserved 1101824K
  class space    used 7074K, capacity 7391K, committed 7472K, reserved 1048576K
Event: 54.089 GC heap after
Heap after GC invocations=17 (full 3):
 PSYoungGen      total 145920K, used 0K [0x00000000d6f80000, 0x00000000e4100000, 0x0000000100000000)
  eden space 100352K, 0% used [0x00000000d6f80000,0x00000000d6f80000,0x00000000dd180000)
  from space 45568K, 0% used [0x00000000e0100000,0x00000000e0100000,0x00000000e2d80000)
  to   space 48640K, 0% used [0x00000000dd180000,0x00000000dd180000,0x00000000e0100000)
 ParOldGen       total 113664K, used 90357K [0x0000000084e00000, 0x000000008bd00000, 0x00000000d6f80000)
  object space 113664K, 79% used [0x0000000084e00000,0x000000008a63d7e0,0x000000008bd00000)
 Metaspace       used 57864K, capacity 58984K, committed 59160K, reserved 1101824K
  class space    used 7074K, capacity 7391K, committed 7472K, reserved 1048576K
}
Event: 59.531 GC heap before
{Heap before GC invocations=18 (full 3):
 PSYoungGen      total 145920K, used 100352K [0x00000000d6f80000, 0x00000000e4100000, 0x0000000100000000)
  eden space 100352K, 100% used [0x00000000d6f80000,0x00000000dd180000,0x00000000dd180000)
  from space 45568K, 0% used [0x00000000e0100000,0x00000000e0100000,0x00000000e2d80000)
  to   space 48640K, 0% used [0x00000000dd180000,0x00000000dd180000,0x00000000e0100000)
 ParOldGen       total 113664K, used 90357K [0x0000000084e00000, 0x000000008bd00000, 0x00000000d6f80000)
  object space 113664K, 79% used [0x0000000084e00000,0x000000008a63d7e0,0x000000008bd00000)
 Metaspace       used 59762K, capacity 60880K, committed 61080K, reserved 1103872K
  class space    used 7245K, capacity 7565K, committed 7600K, reserved 1048576K
Event: 59.592 GC heap after
Heap after GC invocations=18 (full 3):
 PSYoungGen      total 148992K, used 14931K [0x00000000d6f80000, 0x00000000e4100000, 0x0000000100000000)
  eden space 100352K, 0% used [0x00000000d6f80000,0x00000000d6f80000,0x00000000dd180000)
  from space 48640K, 30% used [0x00000000dd180000,0x00000000de014dd0,0x00000000e0100000)
  to   space 45568K, 0% used [0x00000000e0100000,0x00000000e0100000,0x00000000e2d80000)
 ParOldGen       total 113664K, used 90365K [0x0000000084e00000, 0x000000008bd00000, 0x00000000d6f80000)
  object space 113664K, 79% used [0x0000000084e00000,0x000000008a63f7e0,0x000000008bd00000)
 Metaspace       used 59762K, capacity 60880K, committed 61080K, reserved 1103872K
  class space    used 7245K, capacity 7565K, committed 7600K, reserved 1048576K
}
Event: 64.024 GC heap before
{Heap before GC invocations=19 (full 3):
 PSYoungGen      total 148992K, used 115283K [0x00000000d6f80000, 0x00000000e4100000, 0x0000000100000000)
  eden space 100352K, 100% used [0x00000000d6f80000,0x00000000dd180000,0x00000000dd180000)
  from space 48640K, 30% used [0x00000000dd180000,0x00000000de014dd0,0x00000000e0100000)
  to   space 45568K, 0% used [0x00000000e0100000,0x00000000e0100000,0x00000000e2d80000)
 ParOldGen       total 113664K, used 90365K [0x0000000084e00000, 0x000000008bd00000, 0x00000000d6f80000)
  object space 113664K, 79% used [0x0000000084e00000,0x000000008a63f7e0,0x000000008bd00000)
 Metaspace       used 60619K, capacity 61794K, committed 61976K, reserved 1103872K
  class space    used 7285K, capacity 7602K, committed 7728K, reserved 1048576K
Event: 64.105 GC heap after
Heap after GC invocations=19 (full 3):
 PSYoungGen      total 147968K, used 26716K [0x00000000d6f80000, 0x00000000e4f80000, 0x0000000100000000)
  eden space 102400K, 0% used [0x00000000d6f80000,0x00000000d6f80000,0x00000000dd380000)
  from space 45568K, 58% used [0x00000000e0100000,0x00000000e1b17248,0x00000000e2d80000)
  to   space 46592K, 0% used [0x00000000dd380000,0x00000000dd380000,0x00000000e0100000)
 ParOldGen       total 113664K, used 90373K [0x0000000084e00000, 0x000000008bd00000, 0x00000000d6f80000)
  object space 113664K, 79% used [0x0000000084e00000,0x000000008a6417e0,0x000000008bd00000)
 Metaspace       used 60619K, capacity 61794K, committed 61976K, reserved 1103872K
  class space    used 7285K, capacity 7602K, committed 7728K, reserved 1048576K
}

