# JRE version: Java(TM) SE Runtime Environment (8.0_231-b11) (build 1.8.0_231-b11)
# Java VM: Java HotSpot(TM) 64-Bit Server VM (25.231-b11 mixed mode windows-amd64 compressed oops)
Heap:
 PSYoungGen      total 481280K, used 77591K [0x00000000e0000000, 0x0000000100000000, 0x0000000100000000)
  eden space 436736K, 15% used [0x00000000e0000000,0x00000000e407dcb0,0x00000000faa80000)
  from space 44544K, 25% used [0x00000000fd480000,0x00000000fdfc8318,0x0000000100000000)
  to   space 43008K, 0% used [0x00000000faa80000,0x00000000faa80000,0x00000000fd480000)
 ParOldGen       total 129536K, used 91510K [0x00000000a0000000, 0x00000000a7e80000, 0x00000000e0000000)
  object space 129536K, 70% used [0x00000000a0000000,0x00000000a595dae0,0x00000000a7e80000)
 Metaspace       used 102349K, capacity 107172K, committed 107392K, reserved 1142784K
  class space    used 13485K, capacity 14395K, committed 14464K, reserved 1048576K
GC Heap History (10 events):
Event: 88.809 GC heap before
{Heap before GC invocations=19 (full 6):
 PSYoungGen      total 461824K, used 436224K [0x00000000e0000000, 0x0000000100000000, 0x0000000100000000)
  eden space 436224K, 100% used [0x00000000e0000000,0x00000000faa00000,0x00000000faa00000)
  from space 25600K, 0% used [0x00000000faa00000,0x00000000faa00000,0x00000000fc300000)
  to   space 44544K, 0% used [0x00000000fd480000,0x00000000fd480000,0x0000000100000000)
 ParOldGen       total 129536K, used 117092K [0x00000000a0000000, 0x00000000a7e80000, 0x00000000e0000000)
  object space 129536K, 90% used [0x00000000a0000000,0x00000000a7259368,0x00000000a7e80000)
 Metaspace       used 88404K, capacity 92642K, committed 93184K, reserved 1130496K
  class space    used 12088K, capacity 12894K, committed 13056K, reserved 1048576K
Event: 89.198 GC heap after
Heap after GC invocations=19 (full 6):
 PSYoungGen      total 461824K, used 0K [0x00000000e0000000, 0x0000000100000000, 0x0000000100000000)
  eden space 436224K, 0% used [0x00000000e0000000,0x00000000e0000000,0x00000000faa00000)
  from space 25600K, 0% used [0x00000000faa00000,0x00000000faa00000,0x00000000fc300000)
  to   space 44544K, 0% used [0x00000000fd480000,0x00000000fd480000,0x0000000100000000)
 ParOldGen       total 129536K, used 118804K [0x00000000a0000000, 0x00000000a7e80000, 0x00000000e0000000)
  object space 129536K, 91% used [0x00000000a0000000,0x00000000a7405298,0x00000000a7e80000)
 Metaspace       used 88404K, capacity 92642K, committed 93184K, reserved 1130496K
  class space    used 12088K, capacity 12894K, committed 13056K, reserved 1048576K
}
Event: 91.858 GC heap before
{Heap before GC invocations=20 (full 7):
 PSYoungGen      total 461824K, used 436224K [0x00000000e0000000, 0x0000000100000000, 0x0000000100000000)
  eden space 436224K, 100% used [0x00000000e0000000,0x00000000faa00000,0x00000000faa00000)
  from space 25600K, 0% used [0x00000000faa00000,0x00000000faa00000,0x00000000fc300000)
  to   space 44544K, 0% used [0x00000000fd480000,0x00000000fd480000,0x0000000100000000)
 ParOldGen       total 129536K, used 118804K [0x00000000a0000000, 0x00000000a7e80000, 0x00000000e0000000)
  object space 129536K, 91% used [0x00000000a0000000,0x00000000a7405298,0x00000000a7e80000)
 Metaspace       used 88778K, capacity 93030K, committed 93440K, reserved 1130496K
  class space    used 12104K, capacity 12932K, committed 13056K, reserved 1048576K
Event: 92.339 GC heap after
Heap after GC invocations=20 (full 7):
 PSYoungGen      total 461824K, used 0K [0x00000000e0000000, 0x0000000100000000, 0x0000000100000000)
  eden space 436224K, 0% used [0x00000000e0000000,0x00000000e0000000,0x00000000faa00000)
  from space 25600K, 0% used [0x00000000faa00000,0x00000000faa00000,0x00000000fc300000)
  to   space 44544K, 0% used [0x00000000fd480000,0x00000000fd480000,0x0000000100000000)
 ParOldGen       total 129536K, used 128568K [0x00000000a0000000, 0x00000000a7e80000, 0x00000000e0000000)
  object space 129536K, 99% used [0x00000000a0000000,0x00000000a7d8e358,0x00000000a7e80000)
 Metaspace       used 88778K, capacity 93030K, committed 93440K, reserved 1130496K
  class space    used 12104K, capacity 12932K, committed 13056K, reserved 1048576K
}
Event: 104.050 GC heap before
{Heap before GC invocations=21 (full 8):
 PSYoungGen      total 461824K, used 436224K [0x00000000e0000000, 0x0000000100000000, 0x0000000100000000)
  eden space 436224K, 100% used [0x00000000e0000000,0x00000000faa00000,0x00000000faa00000)
  from space 25600K, 0% used [0x00000000faa00000,0x00000000faa00000,0x00000000fc300000)
  to   space 44544K, 0% used [0x00000000fd480000,0x00000000fd480000,0x0000000100000000)
 ParOldGen       total 129536K, used 128568K [0x00000000a0000000, 0x00000000a7e80000, 0x00000000e0000000)
  object space 129536K, 99% used [0x00000000a0000000,0x00000000a7d8e358,0x00000000a7e80000)
 Metaspace       used 89022K, capacity 93252K, committed 93696K, reserved 1130496K
  class space    used 12134K, capacity 12937K, committed 13056K, reserved 1048576K
Event: 104.285 GC heap after
Heap after GC invocations=21 (full 8):
 PSYoungGen      total 461824K, used 0K [0x00000000e0000000, 0x0000000100000000, 0x0000000100000000)
  eden space 436224K, 0% used [0x00000000e0000000,0x00000000e0000000,0x00000000faa00000)
  from space 25600K, 0% used [0x00000000faa00000,0x00000000faa00000,0x00000000fc300000)
  to   space 44544K, 0% used [0x00000000fd480000,0x00000000fd480000,0x0000000100000000)
 ParOldGen       total 129536K, used 109831K [0x00000000a0000000, 0x00000000a7e80000, 0x00000000e0000000)
  object space 129536K, 84% used [0x00000000a0000000,0x00000000a6b41de0,0x00000000a7e80000)
 Metaspace       used 89022K, capacity 93252K, committed 93696K, reserved 1130496K
  class space    used 12134K, capacity 12937K, committed 13056K, reserved 1048576K
}
Event: 267.234 GC heap before
{Heap before GC invocations=22 (full 9):
 PSYoungGen      total 461824K, used 436224K [0x00000000e0000000, 0x0000000100000000, 0x0000000100000000)
  eden space 436224K, 100% used [0x00000000e0000000,0x00000000faa00000,0x00000000faa00000)
  from space 25600K, 0% used [0x00000000faa00000,0x00000000faa00000,0x00000000fc300000)
  to   space 44544K, 0% used [0x00000000fd480000,0x00000000fd480000,0x0000000100000000)
 ParOldGen       total 129536K, used 109831K [0x00000000a0000000, 0x00000000a7e80000, 0x00000000e0000000)
  object space 129536K, 84% used [0x00000000a0000000,0x00000000a6b41de0,0x00000000a7e80000)
 Metaspace       used 94137K, capacity 98682K, committed 98816K, reserved 1134592K
  class space    used 12589K, capacity 13462K, committed 13568K, reserved 1048576K
Event: 267.633 GC heap after
Heap after GC invocations=22 (full 9):
 PSYoungGen      total 461824K, used 0K [0x00000000e0000000, 0x0000000100000000, 0x0000000100000000)
  eden space 436224K, 0% used [0x00000000e0000000,0x00000000e0000000,0x00000000faa00000)
  from space 25600K, 0% used [0x00000000faa00000,0x00000000faa00000,0x00000000fc300000)
  to   space 44544K, 0% used [0x00000000fd480000,0x00000000fd480000,0x0000000100000000)
 ParOldGen       total 129536K, used 91502K [0x00000000a0000000, 0x00000000a7e80000, 0x00000000e0000000)
  object space 129536K, 70% used [0x00000000a0000000,0x00000000a595bae0,0x00000000a7e80000)
 Metaspace       used 94125K, capacity 98650K, committed 98816K, reserved 1134592K
  class space    used 12585K, capacity 13454K, committed 13568K, reserved 1048576K
}
Event: 316.050 GC heap before
{Heap before GC invocations=23 (full 9):
 PSYoungGen      total 461824K, used 436224K [0x00000000e0000000, 0x0000000100000000, 0x0000000100000000)
  eden space 436224K, 100% used [0x00000000e0000000,0x00000000faa00000,0x00000000faa00000)
  from space 25600K, 0% used [0x00000000faa00000,0x00000000faa00000,0x00000000fc300000)
  to   space 44544K, 0% used [0x00000000fd480000,0x00000000fd480000,0x0000000100000000)
 ParOldGen       total 129536K, used 91502K [0x00000000a0000000, 0x00000000a7e80000, 0x00000000e0000000)
  object space 129536K, 70% used [0x00000000a0000000,0x00000000a595bae0,0x00000000a7e80000)
 Metaspace       used 97228K, capacity 102020K, committed 102272K, reserved 1138688K
  class space    used 12966K, capacity 13873K, committed 13952K, reserved 1048576K
Event: 316.080 GC heap after
Heap after GC invocations=23 (full 9):
 PSYoungGen      total 481280K, used 11552K [0x00000000e0000000, 0x0000000100000000, 0x0000000100000000)
  eden space 436736K, 0% used [0x00000000e0000000,0x00000000e0000000,0x00000000faa80000)
  from space 44544K, 25% used [0x00000000fd480000,0x00000000fdfc8318,0x0000000100000000)
  to   space 43008K, 0% used [0x00000000faa80000,0x00000000faa80000,0x00000000fd480000)
 ParOldGen       total 129536K, used 91510K [0x00000000a0000000, 0x00000000a7e80000, 0x00000000e0000000)
  object space 129536K, 70% used [0x00000000a0000000,0x00000000a595dae0,0x00000000a7e80000)
 Metaspace       used 97228K, capacity 102020K, committed 102272K, reserved 1138688K
  class space    used 12966K, capacity 13873K, committed 13952K, reserved 1048576K
}

