# JRE version: Java(TM) SE Runtime Environment (8.0_231-b11) (build 1.8.0_231-b11)
# Java VM: Java HotSpot(TM) 64-Bit Server VM (25.231-b11 mixed mode windows-amd64 compressed oops)
Heap:
 PSYoungGen      total 280064K, used 117378K [0x00000000d6f80000, 0x00000000eb700000, 0x0000000100000000)
  eden space 224768K, 35% used [0x00000000d6f80000,0x00000000dbe82be8,0x00000000e4b00000)
  from space 55296K, 65% used [0x00000000e4b00000,0x00000000e6e9dd78,0x00000000e8100000)
  to   space 53760K, 0% used [0x00000000e8280000,0x00000000e8280000,0x00000000eb700000)
 ParOldGen       total 239104K, used 194706K [0x0000000084e00000, 0x0000000093780000, 0x00000000d6f80000)
  object space 239104K, 81% used [0x0000000084e00000,0x0000000090c24a38,0x0000000093780000)
 Metaspace       used 68742K, capacity 70444K, committed 70656K, reserved 1112064K
  class space    used 8012K, capacity 8407K, committed 8448K, reserved 1048576K
GC Heap History (10 events):
Event: 48.948 GC heap before
{Heap before GC invocations=16 (full 3):
 PSYoungGen      total 278528K, used 259292K [0x00000000d6f80000, 0x00000000eb700000, 0x0000000100000000)
  eden space 224768K, 100% used [0x00000000d6f80000,0x00000000e4b00000,0x00000000e4b00000)
  from space 53760K, 64% used [0x00000000e8280000,0x00000000ea4372f0,0x00000000eb700000)
  to   space 55296K, 0% used [0x00000000e4b00000,0x00000000e4b00000,0x00000000e8100000)
 ParOldGen       total 239104K, used 104447K [0x0000000084e00000, 0x0000000093780000, 0x00000000d6f80000)
  object space 239104K, 43% used [0x0000000084e00000,0x000000008b3ffd60,0x0000000093780000)
 Metaspace       used 63698K, capacity 65378K, committed 65664K, reserved 1107968K
  class space    used 7597K, capacity 7992K, committed 8064K, reserved 1048576K
Event: 49.044 GC heap after
Heap after GC invocations=16 (full 3):
 PSYoungGen      total 280064K, used 55269K [0x00000000d6f80000, 0x00000000eb700000, 0x0000000100000000)
  eden space 224768K, 0% used [0x00000000d6f80000,0x00000000d6f80000,0x00000000e4b00000)
  from space 55296K, 99% used [0x00000000e4b00000,0x00000000e80f97e8,0x00000000e8100000)
  to   space 53760K, 0% used [0x00000000e8280000,0x00000000e8280000,0x00000000eb700000)
 ParOldGen       total 239104K, used 113198K [0x0000000084e00000, 0x0000000093780000, 0x00000000d6f80000)
  object space 239104K, 47% used [0x0000000084e00000,0x000000008bc8bb80,0x0000000093780000)
 Metaspace       used 63698K, capacity 65378K, committed 65664K, reserved 1107968K
  class space    used 7597K, capacity 7992K, committed 8064K, reserved 1048576K
}
Event: 55.775 GC heap before
{Heap before GC invocations=17 (full 3):
 PSYoungGen      total 280064K, used 280037K [0x00000000d6f80000, 0x00000000eb700000, 0x0000000100000000)
  eden space 224768K, 100% used [0x00000000d6f80000,0x00000000e4b00000,0x00000000e4b00000)
  from space 55296K, 99% used [0x00000000e4b00000,0x00000000e80f97e8,0x00000000e8100000)
  to   space 53760K, 0% used [0x00000000e8280000,0x00000000e8280000,0x00000000eb700000)
 ParOldGen       total 239104K, used 113198K [0x0000000084e00000, 0x0000000093780000, 0x00000000d6f80000)
  object space 239104K, 47% used [0x0000000084e00000,0x000000008bc8bb80,0x0000000093780000)
 Metaspace       used 64264K, capacity 65932K, committed 66176K, reserved 1107968K
  class space    used 7621K, capacity 8025K, committed 8064K, reserved 1048576K
Event: 55.905 GC heap after
Heap after GC invocations=17 (full 3):
 PSYoungGen      total 278528K, used 47590K [0x00000000d6f80000, 0x00000000eb700000, 0x0000000100000000)
  eden space 224768K, 0% used [0x00000000d6f80000,0x00000000d6f80000,0x00000000e4b00000)
  from space 53760K, 88% used [0x00000000e8280000,0x00000000eb0f9b60,0x00000000eb700000)
  to   space 55296K, 0% used [0x00000000e4b00000,0x00000000e4b00000,0x00000000e8100000)
 ParOldGen       total 239104K, used 142836K [0x0000000084e00000, 0x0000000093780000, 0x00000000d6f80000)
  object space 239104K, 59% used [0x0000000084e00000,0x000000008d97d388,0x0000000093780000)
 Metaspace       used 64264K, capacity 65932K, committed 66176K, reserved 1107968K
  class space    used 7621K, capacity 8025K, committed 8064K, reserved 1048576K
}
Event: 61.529 GC heap before
{Heap before GC invocations=18 (full 3):
 PSYoungGen      total 278528K, used 272358K [0x00000000d6f80000, 0x00000000eb700000, 0x0000000100000000)
  eden space 224768K, 100% used [0x00000000d6f80000,0x00000000e4b00000,0x00000000e4b00000)
  from space 53760K, 88% used [0x00000000e8280000,0x00000000eb0f9b60,0x00000000eb700000)
  to   space 55296K, 0% used [0x00000000e4b00000,0x00000000e4b00000,0x00000000e8100000)
 ParOldGen       total 239104K, used 142836K [0x0000000084e00000, 0x0000000093780000, 0x00000000d6f80000)
  object space 239104K, 59% used [0x0000000084e00000,0x000000008d97d388,0x0000000093780000)
 Metaspace       used 64800K, capacity 66436K, committed 66688K, reserved 1107968K
  class space    used 7653K, capacity 8059K, committed 8064K, reserved 1048576K
Event: 61.655 GC heap after
Heap after GC invocations=18 (full 3):
 PSYoungGen      total 280064K, used 55288K [0x00000000d6f80000, 0x00000000eb700000, 0x0000000100000000)
  eden space 224768K, 0% used [0x00000000d6f80000,0x00000000d6f80000,0x00000000e4b00000)
  from space 55296K, 99% used [0x00000000e4b00000,0x00000000e80fe2f8,0x00000000e8100000)
  to   space 53760K, 0% used [0x00000000e8280000,0x00000000e8280000,0x00000000eb700000)
 ParOldGen       total 239104K, used 153709K [0x0000000084e00000, 0x0000000093780000, 0x00000000d6f80000)
  object space 239104K, 64% used [0x0000000084e00000,0x000000008e41b5c0,0x0000000093780000)
 Metaspace       used 64800K, capacity 66436K, committed 66688K, reserved 1107968K
  class space    used 7653K, capacity 8059K, committed 8064K, reserved 1048576K
}
Event: 67.007 GC heap before
{Heap before GC invocations=19 (full 3):
 PSYoungGen      total 280064K, used 280056K [0x00000000d6f80000, 0x00000000eb700000, 0x0000000100000000)
  eden space 224768K, 100% used [0x00000000d6f80000,0x00000000e4b00000,0x00000000e4b00000)
  from space 55296K, 99% used [0x00000000e4b00000,0x00000000e80fe2f8,0x00000000e8100000)
  to   space 53760K, 0% used [0x00000000e8280000,0x00000000e8280000,0x00000000eb700000)
 ParOldGen       total 239104K, used 153709K [0x0000000084e00000, 0x0000000093780000, 0x00000000d6f80000)
  object space 239104K, 64% used [0x0000000084e00000,0x000000008e41b5c0,0x0000000093780000)
 Metaspace       used 65277K, capacity 66896K, committed 66944K, reserved 1107968K
  class space    used 7677K, capacity 8061K, committed 8064K, reserved 1048576K
Event: 67.158 GC heap after
Heap after GC invocations=19 (full 3):
 PSYoungGen      total 278528K, used 34120K [0x00000000d6f80000, 0x00000000eb700000, 0x0000000100000000)
  eden space 224768K, 0% used [0x00000000d6f80000,0x00000000d6f80000,0x00000000e4b00000)
  from space 53760K, 63% used [0x00000000e8280000,0x00000000ea3d2248,0x00000000eb700000)
  to   space 55296K, 0% used [0x00000000e4b00000,0x00000000e4b00000,0x00000000e8100000)
 ParOldGen       total 239104K, used 194698K [0x0000000084e00000, 0x0000000093780000, 0x00000000d6f80000)
  object space 239104K, 81% used [0x0000000084e00000,0x0000000090c22a38,0x0000000093780000)
 Metaspace       used 65277K, capacity 66896K, committed 66944K, reserved 1107968K
  class space    used 7677K, capacity 8061K, committed 8064K, reserved 1048576K
}
Event: 69.221 GC heap before
{Heap before GC invocations=20 (full 3):
 PSYoungGen      total 278528K, used 258888K [0x00000000d6f80000, 0x00000000eb700000, 0x0000000100000000)
  eden space 224768K, 100% used [0x00000000d6f80000,0x00000000e4b00000,0x00000000e4b00000)
  from space 53760K, 63% used [0x00000000e8280000,0x00000000ea3d2248,0x00000000eb700000)
  to   space 55296K, 0% used [0x00000000e4b00000,0x00000000e4b00000,0x00000000e8100000)
 ParOldGen       total 239104K, used 194698K [0x0000000084e00000, 0x0000000093780000, 0x00000000d6f80000)
  object space 239104K, 81% used [0x0000000084e00000,0x0000000090c22a38,0x0000000093780000)
 Metaspace       used 65765K, capacity 67472K, committed 67584K, reserved 1107968K
  class space    used 7710K, capacity 8125K, committed 8192K, reserved 1048576K
Event: 69.293 GC heap after
Heap after GC invocations=20 (full 3):
 PSYoungGen      total 280064K, used 36471K [0x00000000d6f80000, 0x00000000eb700000, 0x0000000100000000)
  eden space 224768K, 0% used [0x00000000d6f80000,0x00000000d6f80000,0x00000000e4b00000)
  from space 55296K, 65% used [0x00000000e4b00000,0x00000000e6e9dd78,0x00000000e8100000)
  to   space 53760K, 0% used [0x00000000e8280000,0x00000000e8280000,0x00000000eb700000)
 ParOldGen       total 239104K, used 194706K [0x0000000084e00000, 0x0000000093780000, 0x00000000d6f80000)
  object space 239104K, 81% used [0x0000000084e00000,0x0000000090c24a38,0x0000000093780000)
 Metaspace       used 65765K, capacity 67472K, committed 67584K, reserved 1107968K
  class space    used 7710K, capacity 8125K, committed 8192K, reserved 1048576K
}

